Start test_inet256_genhalf
device: cuda
cond_y: 933
loading model...
Setting up [LPIPS] perceptual loss: trunk [alex], v[0.1], spatial [off]
Loading model from: /workspace/.miniconda3/lib/python3.11/site-packages/lpips/weights/v0.1/alex.pth
Setting up [LPIPS] perceptual loss: trunk [vgg], v[0.1], spatial [off]
Loading model from: /workspace/.miniconda3/lib/python3.11/site-packages/lpips/weights/v0.1/vgg.pth
Betas step 1000
[0, 71, 143, 214, 285, 357, 428, 500, 571, 642, 714, 785, 856, 928, 999]
15
Timestep number: 1000
Timestep number: 15
loading state
loading classifier...
{'image_size': 256, 'classifier_use_fp16': False, 'classifier_width': 128, 'classifier_depth': 2, 'classifier_attention_resolutions': '32,16,8', 'classifier_use_scale_shift_norm': True, 'classifier_resblock_updown': True, 'classifier_pool': 'attention'}
./data/pretrained/256x256_classifier.pt
sampling...
eval_name: lama_inet256_genhalf_n100_test
loading dataloader...
tensor([933], device='cuda:0')
tensor([933], device='cuda:0')
classes: tensor([933], device='cuda:0') cheeseburger
tensor([933], device='cuda:0')
tensor([933], device='cuda:0')
classes: tensor([933], device='cuda:0') cheeseburger
LPIPS for 000000.png
resizing to 64x64
SSIM for (64, 64, 3) (64, 64, 3)
LPIPS for 000001.png
resizing to 64x64
SSIM for (64, 64, 3) (64, 64, 3)
sampling complete
