Start test_inet64_genhalf
device: cuda
cond_y: 933
loading model...
Setting up [LPIPS] perceptual loss: trunk [alex], v[0.1], spatial [off]
Loading model from: /workspace/.miniconda3/lib/python3.11/site-packages/lpips/weights/v0.1/alex.pth
[0, 111, 222, 333, 444, 555, 666, 777, 888, 999]
10
loading state
loading classifier...
{'image_size': 64, 'classifier_use_fp16': True, 'classifier_width': 128, 'classifier_depth': 4, 'classifier_attention_resolutions': '32,16,8', 'classifier_use_scale_shift_norm': True, 'classifier_resblock_updown': True, 'classifier_pool': 'attention'}
./data/pretrained/64x64_classifier.pt
sampling...
eval_name: lama_inet64_genhalf_n100_test
loading dataloader...
tensor([933], device='cuda:0')
tensor([933], device='cuda:0')
classes: tensor([933], device='cuda:0') cheeseburger

tensor([933], device='cuda:0')
tensor([933], device='cuda:0')
classes: tensor([933], device='cuda:0') cheeseburger

tensor([933], device='cuda:0')
tensor([933], device='cuda:0')
classes: tensor([933], device='cuda:0') cheeseburger

tensor([933], device='cuda:0')
tensor([933], device='cuda:0')
classes: tensor([933], device='cuda:0') cheeseburger

tensor([933], device='cuda:0')
tensor([933], device='cuda:0')
classes: tensor([933], device='cuda:0') cheeseburger

LPIPS for 000000.png
