Start test_inet256_genhalf
device: cuda
cond_y: 933
loading model...
Setting up [LPIPS] perceptual loss: trunk [alex], v[0.1], spatial [off]
Loading model from: /workspace/.miniconda3/lib/python3.11/site-packages/lpips/weights/v0.1/alex.pth
[0, 42, 83, 125, 166, 208, 250, 291, 333, 375, 416, 458, 500, 541, 583, 624, 666, 708, 749, 791, 832, 874, 916, 957, 999]
25
loading state
loading classifier...
{'image_size': 256, 'classifier_use_fp16': False, 'classifier_width': 128, 'classifier_depth': 2, 'classifier_attention_resolutions': '32,16,8', 'classifier_use_scale_shift_norm': True, 'classifier_resblock_updown': True, 'classifier_pool': 'attention'}
./data/pretrained/256x256_classifier.pt
sampling...
eval_name: lama_inet256_genhalf_n100_test
loading dataloader...
tensor([933], device='cuda:0')
tensor([933], device='cuda:0')
classes: tensor([933], device='cuda:0') cheeseburger

tensor([933], device='cuda:0')
tensor([933], device='cuda:0')
classes: tensor([933], device='cuda:0') cheeseburger

LPIPS for 000000.png
resizing to 64x64
SSIM for (64, 64, 3) (64, 64, 3)
LPIPS for 000001.png
resizing to 64x64
SSIM for (64, 64, 3) (64, 64, 3)
sampling complete
