Start test_inet256_genhalf
device: cuda
cond_y: 933
loading model...
Setting up [LPIPS] perceptual loss: trunk [alex], v[0.1], spatial [off]
Loading model from: /workspace/.miniconda3/lib/python3.11/site-packages/lpips/weights/v0.1/alex.pth
Betas step 1000
[0, 20, 41, 61, 82, 102, 122, 143, 163, 183, 204, 224, 245, 265, 285, 306, 326, 347, 367, 387, 408, 428, 449, 469, 489, 510, 530, 550, 571, 591, 612, 632, 652, 673, 693, 714, 734, 754, 775, 795, 816, 836, 856, 877, 897, 917, 938, 958, 979, 999]
50
Timestep number: 1000
Timestep number: 50
loading state
loading classifier...
{'image_size': 256, 'classifier_use_fp16': False, 'classifier_width': 128, 'classifier_depth': 2, 'classifier_attention_resolutions': '32,16,8', 'classifier_use_scale_shift_norm': True, 'classifier_resblock_updown': True, 'classifier_pool': 'attention'}
./data/pretrained/256x256_classifier.pt
sampling...
eval_name: lama_inet256_genhalf_n100_test
loading dataloader...
tensor([933], device='cuda:0')
tensor([933], device='cuda:0')
classes: tensor([933], device='cuda:0') cheeseburger

LPIPS for 000000.png
resizing to 64x64
SSIM for (64, 64, 3) (64, 64, 3)
sampling complete
