Start test_inet64_genhalf
device: cuda
cond_y: 933
loading model...
Setting up [LPIPS] perceptual loss: trunk [alex], v[0.1], spatial [off]
Loading model from: /workspace/.miniconda3/lib/python3.11/site-packages/lpips/weights/v0.1/alex.pth
Setting up [LPIPS] perceptual loss: trunk [vgg], v[0.1], spatial [off]
Loading model from: /workspace/.miniconda3/lib/python3.11/site-packages/lpips/weights/v0.1/vgg.pth
Betas step 1000
[0, 4, 8, 12, 16, 20, 24, 28, 32, 36, 40, 44, 48, 52, 56, 60, 64, 68, 72, 76, 80, 84, 88, 92, 96, 100, 104, 108, 112, 116, 120, 124, 128, 132, 136, 140, 144, 148, 152, 156, 160, 164, 169, 173, 177, 181, 185, 189, 193, 197, 201, 205, 209, 213, 217, 221, 225, 229, 233, 237, 241, 245, 249, 253, 257, 261, 265, 269, 273, 277, 281, 285, 289, 293, 297, 301, 305, 309, 313, 317, 321, 325, 329, 333, 337, 341, 345, 349, 353, 357, 361, 365, 369, 373, 377, 381, 385, 389, 393, 397, 401, 405, 409, 413, 417, 421, 425, 429, 433, 437, 441, 445, 449, 453, 457, 461, 465, 469, 473, 477, 481, 485, 489, 493, 497, 502, 506, 510, 514, 518, 522, 526, 530, 534, 538, 542, 546, 550, 554, 558, 562, 566, 570, 574, 578, 582, 586, 590, 594, 598, 602, 606, 610, 614, 618, 622, 626, 630, 634, 638, 642, 646, 650, 654, 658, 662, 666, 670, 674, 678, 682, 686, 690, 694, 698, 702, 706, 710, 714, 718, 722, 726, 730, 734, 738, 742, 746, 750, 754, 758, 762, 766, 770, 774, 778, 782, 786, 790, 794, 798, 802, 806, 810, 814, 818, 822, 826, 830, 835, 839, 843, 847, 851, 855, 859, 863, 867, 871, 875, 879, 883, 887, 891, 895, 899, 903, 907, 911, 915, 919, 923, 927, 931, 935, 939, 943, 947, 951, 955, 959, 963, 967, 971, 975, 979, 983, 987, 991, 995, 999]
250
Timestep number: 1000
Timestep number: 250
loading state
loading classifier...
{'image_size': 64, 'classifier_use_fp16': True, 'classifier_width': 128, 'classifier_depth': 4, 'classifier_attention_resolutions': '32,16,8', 'classifier_use_scale_shift_norm': True, 'classifier_resblock_updown': True, 'classifier_pool': 'attention'}
./data/pretrained/64x64_classifier.pt
sampling...
eval_name: lama_inet64_genhalf_n100_test
loading dataloader...
tensor([933], device='cuda:0')
tensor([933], device='cuda:0')
classes: tensor([933], device='cuda:0') cheeseburger
