Start test_inet64_genhalf
device: cuda
loading model...
Setting up [LPIPS] perceptual loss: trunk [alex], v[0.1], spatial [off]
Loading model from: c:\Users\PolletStars\Anaconda3\envs\repaint\lib\site-packages\lpips\weights\v0.1\alex.pth
[0, 111, 222, 333, 444, 555, 666, 777, 888, 999]
10
loading state
loading classifier...
{'image_size': 64, 'classifier_use_fp16': True, 'classifier_width': 128, 'classifier_depth': 4, 'classifier_attention_resolutions': '32,16,8', 'classifier_use_scale_shift_norm': True, 'classifier_resblock_updown': True, 'classifier_pool': 'attention'}
./data/pretrained/64x64_classifier.pt
sampling...
eval_name: lama_inet64_genhalf_n100_test
loading dataloader...
classes: tensor([541], device='cuda:0') drum, membranophone, tympan
classes: tensor([950], device='cuda:0') orange
classes: tensor([303], device='cuda:0') long-horned beetle, longicorn, longicorn beetle
classes: tensor([646], device='cuda:0') maze, labyrinth
classes: tensor([445], device='cuda:0') bikini, two-piece
LPIPS for 000000.png
LPIPS for 000001.png
LPIPS for 000002.png
LPIPS for 000003.png
LPIPS for 000004.png
sampling complete
