/workspace/.miniconda3/lib/python3.11/site-packages/torchvision/models/_utils.py:208: UserWarning: The parameter 'pretrained' is deprecated since 0.13 and may be removed in the future, please use 'weights' instead.
  warnings.warn(
/workspace/.miniconda3/lib/python3.11/site-packages/torchvision/models/_utils.py:223: UserWarning: Arguments other than a weight enum or `None` for 'weights' are deprecated since 0.13 and may be removed in the future. The current behavior is equivalent to passing `weights=AlexNet_Weights.IMAGENET1K_V1`. You can also use `weights=AlexNet_Weights.DEFAULT` to get the most up-to-date weights.
  warnings.warn(msg)
Process Process-1:
Traceback (most recent call last):
  File "/workspace/.miniconda3/lib/python3.11/multiprocessing/process.py", line 314, in _bootstrap
    self.run()
  File "/workspace/.miniconda3/lib/python3.11/multiprocessing/process.py", line 108, in run
    self._target(*self._args, **self._kwargs)
  File "/workspace/RePaint/test.py", line 241, in sample_now
    classifier = create_classifier(
                 ^^^^^^^^^^^^^^^^^^
  File "/workspace/RePaint/guided_diffusion/script_util.py", line 242, in create_classifier
    return EncoderUNetModel(
           ^^^^^^^^^^^^^^^^^
  File "/workspace/RePaint/guided_diffusion/unet.py", line 765, in __init__
    ResBlock(
  File "/workspace/RePaint/guided_diffusion/unet.py", line 201, in __init__
    conv_nd(dims, channels, self.out_channels, 3, padding=1),
    ^^^^^^^^^^^^^^^^^^^^^^^^^^^^^^^^^^^^^^^^^^^^^^^^^^^^^^^^
  File "/workspace/RePaint/guided_diffusion/nn.py", line 45, in conv_nd
    return nn.Conv2d(*args, **kwargs)
           ^^^^^^^^^^^^^^^^^^^^^^^^^^
  File "/workspace/.miniconda3/lib/python3.11/site-packages/torch/nn/modules/conv.py", line 447, in __init__
    super().__init__(
  File "/workspace/.miniconda3/lib/python3.11/site-packages/torch/nn/modules/conv.py", line 141, in __init__
    self.reset_parameters()
  File "/workspace/.miniconda3/lib/python3.11/site-packages/torch/nn/modules/conv.py", line 147, in reset_parameters
    init.kaiming_uniform_(self.weight, a=math.sqrt(5))
  File "/workspace/.miniconda3/lib/python3.11/site-packages/torch/nn/init.py", line 419, in kaiming_uniform_
    return tensor.uniform_(-bound, bound)
           ^^^^^^^^^^^^^^^^^^^^^^^^^^^^^^
KeyboardInterrupt
