Start test_inet256_genhalf
device: cuda
loading model...
Setting up [LPIPS] perceptual loss: trunk [alex], v[0.1], spatial [off]
Loading model from: c:\Users\PolletStars\Anaconda3\envs\repaint\lib\site-packages\lpips\weights\v0.1\alex.pth
[0, 999]
2
loading state
loading classifier...
{'image_size': 256, 'classifier_use_fp16': False, 'classifier_width': 128, 'classifier_depth': 2, 'classifier_attention_resolutions': '32,16,8', 'classifier_use_scale_shift_norm': True, 'classifier_resblock_updown': True, 'classifier_pool': 'attention'}
./data/pretrained/256x256_classifier.pt
sampling...
eval_name: lama_inet256_genhalf_n100_test
loading dataloader...
classes: tensor([541], device='cuda:0') drum, membranophone, tympan
classes: tensor([867], device='cuda:0') trailer truck, tractor trailer, trucking rig, rig, articulated lorry, semi
classes: tensor([291], device='cuda:0') lion, king of beasts, Panthera leo
classes: tensor([935], device='cuda:0') mashed potato
classes: tensor([760], device='cuda:0') refrigerator, icebox
LPIPS for 000000.png
LPIPS for 000001.png
LPIPS for 000002.png
LPIPS for 000003.png
LPIPS for 000004.png
sampling complete
