Start test_inet256_genhalf
device: cuda
cond_y: 933
loading model...
Setting up [LPIPS] perceptual loss: trunk [alex], v[0.1], spatial [off]
Loading model from: /workspace/.miniconda3/lib/python3.11/site-packages/lpips/weights/v0.1/alex.pth
[0, 5, 10, 15, 20, 25, 30, 35, 40, 45, 50, 55, 60, 65, 70, 75, 80, 85, 90, 95, 100, 105, 110, 115, 120, 126, 131, 136, 141, 146, 151, 156, 161, 166, 171, 176, 181, 186, 191, 196, 201, 206, 211, 216, 221, 226, 231, 236, 241, 246, 251, 256, 261, 266, 271, 276, 281, 286, 291, 296, 301, 306, 311, 316, 321, 326, 331, 336, 341, 346, 351, 356, 361, 366, 371, 377, 382, 387, 392, 397, 402, 407, 412, 417, 422, 427, 432, 437, 442, 447, 452, 457, 462, 467, 472, 477, 482, 487, 492, 497, 502, 507, 512, 517, 522, 527, 532, 537, 542, 547, 552, 557, 562, 567, 572, 577, 582, 587, 592, 597, 602, 607, 612, 617, 622, 628, 633, 638, 643, 648, 653, 658, 663, 668, 673, 678, 683, 688, 693, 698, 703, 708, 713, 718, 723, 728, 733, 738, 743, 748, 753, 758, 763, 768, 773, 778, 783, 788, 793, 798, 803, 808, 813, 818, 823, 828, 833, 838, 843, 848, 853, 858, 863, 868, 873, 879, 884, 889, 894, 899, 904, 909, 914, 919, 924, 929, 934, 939, 944, 949, 954, 959, 964, 969, 974, 979, 984, 989, 994, 999]
200
loading state
loading classifier...
{'image_size': 256, 'classifier_use_fp16': False, 'classifier_width': 128, 'classifier_depth': 2, 'classifier_attention_resolutions': '32,16,8', 'classifier_use_scale_shift_norm': True, 'classifier_resblock_updown': True, 'classifier_pool': 'attention'}
./data/pretrained/256x256_classifier.pt
sampling...
eval_name: lama_inet256_genhalf_n100_test
loading dataloader...
tensor([933], device='cuda:0')
tensor([933], device='cuda:0')
classes: tensor([933], device='cuda:0') cheeseburger

LPIPS for 000000.png
sampling complete
